<?xml version="1.0" encoding="UTF-8"?>
<testng-results skipped="0" failed="0" total="1" passed="1">
  <reporter-output>
  </reporter-output>
  <suite name="Default suite" duration-ms="20" started-at="2012-12-06T08:00:46Z" finished-at="2012-12-06T08:00:46Z">
    <groups>
    </groups>
    <test name="Default test" duration-ms="20" started-at="2012-12-06T08:00:46Z" finished-at="2012-12-06T08:00:46Z">
      <class name="in.bluepi.pirecruit.user.employee.EmployeeTest">
        <test-method status="PASS" signature="Employee()[pri:0, instance:in.bluepi.pirecruit.user.employee.EmployeeTest@61542a75]" name="Employee" duration-ms="11" started-at="2012-12-06T13:30:46Z" finished-at="2012-12-06T13:30:46Z">
          <reporter-output>
          </reporter-output>
        </test-method> <!-- Employee -->
      </class> <!-- in.bluepi.pirecruit.user.employee.EmployeeTest -->
    </test> <!-- Default test -->
  </suite> <!-- Default suite -->
</testng-results>
